--------------------
q1 > Test #17

name:        check-equal?
location:    q1-bb.rkt:142:4
expression:  (check-equal? (permutations (list 3 4 2 1)) (list (list 1 2 3 4) (list 1 2 4 3) (list 1 3 2 4) (list 1 3 4 2) (list 1 4 2 3) (list 1 4 3 2) (list 2 1 3 4) (list 2 1 4 3) (list 2 3 1 4) (list 2 3 4 1) (list 2 4 1 3) (list 2 4 3 1) (list 3 1 2 4) (list 3 1 4 2) (list 3 2 1 4) (list 3 2 4 1) (list 3 4 1 2) (list 3 4 2 1) (list 4 1 2 3) (list 4 1 3 2) (list 4 2 1 3) (list 4 2 3 1) (list 4 3 1 2) (list 4 3 2 1)) "permutations  fn should return all possible permutations\n      in the shortlex order")
params:      '(((3 4 2 1) (4 2 1) (2 1) (1))
  ((1 2 3 4)
   (1 2 4 3)
   (1 3 2 4)
   (1 3 4 2)
   (1 4 2 3)
   (1 4 3 2)
   (2 1 3 4)
   (2 1 4 3)
   (2 3 1 4)
   (2 3 4 1)
   (2 4 1 3)
   (2 4 3 1)
   (3 1 2 4)
   (3 1 4 2)
   (3 2 1 4)
   (3 2 4 1)
   (3 4 1 2)
   (3 4 2 1)
   (4 1 2 3)
   (4 1 3 2)
   (4 2 1 3)
   (4 2 3 1)
   (4 3 1 2)
   (4 3 2 1)))
message:     "permutations  fn should return all possible permutations\n      in the shortlex order"
actual:      '((3 4 2 1) (4 2 1) (2 1) (1))
expected:    '((1 2 3 4)
  (1 2 4 3)
  (1 3 2 4)
  (1 3 4 2)
  (1 4 2 3)
  (1 4 3 2)
  (2 1 3 4)
  (2 1 4 3)
  (2 3 1 4)
  (2 3 4 1)
  (2 4 1 3)
  (2 4 3 1)
  (3 1 2 4)
  (3 1 4 2)
  (3 2 1 4)
  (3 2 4 1)
  (3 4 1 2)
  (3 4 2 1)
  (4 1 2 3)
  (4 1 3 2)
  (4 2 1 3)
  (4 2 3 1)
  (4 3 1 2)
  (4 3 2 1))
--------------------
--------------------
q1 > Test #18

name:        check-equal?
location:    q1-bb.rkt:176:4
expression:  (check-equal? (permutations (list)) (list (list)) "permutations  fn should return list of empty list as output")
params:      '(() (()))
message:     "permutations  fn should return list of empty list as output"
actual:      '()
expected:    '(())
--------------------
16 success(es) 2 failure(s) 0 error(s) 18 test(s) run
extras.rkt Wed Sep 14 08:52:19 2016
q1.rkt appears to be in a correctly named folder. Running tests...
Running tests from q1.rkt...
All tests passed (15 tests).
2
