--------------------
q1 > Test #5

name:        check-equal?
location:    q2-bb.rkt:85:4
expression:  (check-equal? (racket-x (racket-after-mouse-event SELECTED-RACKET-RALLY-STATE 336 10 DRAG)) 331 "Drag even should happen smoothly")
params:      '(336 331)
message:     "Drag even should happen smoothly"
actual:      336
expected:    331
--------------------
--------------------
q1 > Test #6

name:        check-equal?
location:    q2-bb.rkt:93:4
expression:  (check-equal? (racket-y (racket-after-mouse-event SELECTED-RACKET-RALLY-STATE 336 10 DRAG)) 6 "Drag even should happen smoothly")
params:      '(10 6)
message:     "Drag even should happen smoothly"
actual:      10
expected:    6
--------------------
--------------------
q1 > Test #8

name:        check-equal?
location:    q2-bb.rkt:115:4
expression:  (check-equal? (racket-y (world-racket (world-after-tick (world-after-mouse-event (world-after-mouse-event (world-after-tick (world-after-mouse-event WORLD-RACKET-WITH-3SPEED 330 384 BUTTON-DOWN)) 200 200 DRAG) 200 200 BUTTON-UP)))) 197 "The racket should start moving once it is released with its old velocity")
params:      '(200 197)
message:     "The racket should start moving once it is released with its old velocity"
actual:      200
expected:    197
--------------------
--------------------
q1 > Test #9

name:        check-equal?
location:    q2-bb.rkt:131:4
expression:  (check-equal? (racket-vy (world-racket (world-after-tick (world-after-mouse-event (world-after-mouse-event (world-after-tick (world-after-mouse-event WORLD-RACKET-WITH-3SPEED 330 384 BUTTON-DOWN)) 200 200 DRAG) 200 200 BUTTON-UP)))) -3 "The racket velocity should be same as before selection")
params:      '(0 -3)
message:     "The racket velocity should be same as before selection"
actual:      0
expected:    -3
--------------------
5 success(es) 4 failure(s) 0 error(s) 9 test(s) run
extras.rkt Wed Sep 14 08:52:19 2016
q2.rkt appears to be in a correctly named folder. Running tests...
Running tests from q2.rkt...
All tests passed (50 tests).
4
