--------------------
q1 > Test #8
Test #8
FAILURE
name:       check-false
location:   q2-bb.rkt:100:3
params:     #t
expression: (check-false (well-typed? (block (var "f") (call (var "f") (list (lit 7))) (lit 5))))
message:    "well-typed? fn should return false"
Check failure
--------------------
14 success(es) 1 failure(s) 0 error(s) 15 test(s) run
extras.rkt Wed Sep 14 08:52:19 2016
q1.rkt appears to be in a correctly named folder. Running tests...
Running tests from q1.rkt...
All tests passed (21 tests).
q2.rkt appears to be in a correctly named folder. Running tests...
Running tests from q2.rkt...
All tests passed (14 tests).
1
